This file contains any messages produced by compilers while
running configure, to aid debugging if configure makes a mistake.

It was created by configure, which was
generated by GNU Autoconf 2.59.  Invocation command line was

  $ ./configure --prefix=/opt/beebem --enable-econet --build=aarch64-unknown-linux-gnu

## --------- ##
## Platform. ##
## --------- ##

hostname = 566be3969df3
uname -m = aarch64
uname -r = 5.10.76-linuxkit
uname -s = Linux
uname -v = #1 SMP PREEMPT Mon Nov 8 11:22:26 UTC 2021

/usr/bin/uname -p = aarch64
/bin/uname -X     = unknown

/bin/arch              = aarch64
/usr/bin/arch -k       = unknown
/usr/convex/getsysinfo = unknown
hostinfo               = unknown
/bin/machine           = unknown
/usr/bin/oslevel       = unknown
/bin/universe          = unknown

PATH: /usr/local/sbin
PATH: /usr/local/bin
PATH: /usr/sbin
PATH: /usr/bin
PATH: /sbin
PATH: /bin


## ----------- ##
## Core tests. ##
## ----------- ##

configure:1359: checking build system type
configure:1377: result: aarch64-unknown-linux-gnu
configure:1385: checking host system type
configure:1399: result: aarch64-unknown-linux-gnu
configure:1407: checking target system type
configure:1421: result: aarch64-unknown-linux-gnu
configure:1452: checking for a BSD-compatible install
configure:1507: result: /usr/bin/install -c
configure:1518: checking whether build environment is sane
configure:1561: result: yes
configure:1626: checking for gawk
configure:1655: result: no
configure:1626: checking for mawk
configure:1642: found /usr/bin/mawk
configure:1652: result: mawk
configure:1662: checking whether make sets $(MAKE)
configure:1682: result: yes
configure:1897: checking for gcc
configure:1913: found /usr/bin/gcc
configure:1923: result: gcc
configure:2167: checking for C compiler version
configure:2170: gcc --version </dev/null >&5
gcc (Ubuntu 11.2.0-19ubuntu1) 11.2.0
Copyright (C) 2021 Free Software Foundation, Inc.
This is free software; see the source for copying conditions.  There is NO
warranty; not even for MERCHANTABILITY or FITNESS FOR A PARTICULAR PURPOSE.

configure:2173: $? = 0
configure:2175: gcc -v </dev/null >&5
Using built-in specs.
COLLECT_GCC=gcc
COLLECT_LTO_WRAPPER=/usr/lib/gcc/aarch64-linux-gnu/11/lto-wrapper
Target: aarch64-linux-gnu
Configured with: ../src/configure -v --with-pkgversion='Ubuntu 11.2.0-19ubuntu1' --with-bugurl=file:///usr/share/doc/gcc-11/README.Bugs --enable-languages=c,ada,c++,go,d,fortran,objc,obj-c++,m2 --prefix=/usr --with-gcc-major-version-only --program-suffix=-11 --program-prefix=aarch64-linux-gnu- --enable-shared --enable-linker-build-id --libexecdir=/usr/lib --without-included-gettext --enable-threads=posix --libdir=/usr/lib --enable-nls --enable-bootstrap --enable-clocale=gnu --enable-libstdcxx-debug --enable-libstdcxx-time=yes --with-default-libstdcxx-abi=new --enable-gnu-unique-object --disable-libquadmath --disable-libquadmath-support --enable-plugin --enable-default-pie --with-system-zlib --enable-libphobos-checking=release --with-target-system-zlib=auto --enable-objc-gc=auto --enable-multiarch --enable-fix-cortex-a53-843419 --disable-werror --enable-checking=release --build=aarch64-linux-gnu --host=aarch64-linux-gnu --target=aarch64-linux-gnu --with-build-config=bootstrap-lto-lean --enable-link-serialization=2
Thread model: posix
Supported LTO compression algorithms: zlib zstd
gcc version 11.2.0 (Ubuntu 11.2.0-19ubuntu1) 
configure:2178: $? = 0
configure:2180: gcc -V </dev/null >&5
gcc: error: unrecognized command-line option '-V'
gcc: fatal error: no input files
compilation terminated.
configure:2183: $? = 1
configure:2206: checking for C compiler default output file name
configure:2209: gcc    conftest.c  >&5
configure:2212: $? = 0
configure:2258: result: a.out
configure:2263: checking whether the C compiler works
configure:2269: ./a.out
configure:2272: $? = 0
configure:2289: result: yes
configure:2296: checking whether we are cross compiling
configure:2298: result: no
configure:2301: checking for suffix of executables
configure:2303: gcc -o conftest    conftest.c  >&5
configure:2306: $? = 0
configure:2331: result: 
configure:2337: checking for suffix of object files
configure:2358: gcc -c   conftest.c >&5
configure:2361: $? = 0
configure:2383: result: o
configure:2387: checking whether we are using the GNU C compiler
configure:2411: gcc -c   conftest.c >&5
configure:2417: $? = 0
configure:2421: test -z 
			 || test ! -s conftest.err
configure:2424: $? = 0
configure:2427: test -s conftest.o
configure:2430: $? = 0
configure:2443: result: yes
configure:2449: checking whether gcc accepts -g
configure:2470: gcc -c -g  conftest.c >&5
configure:2476: $? = 0
configure:2480: test -z 
			 || test ! -s conftest.err
configure:2483: $? = 0
configure:2486: test -s conftest.o
configure:2489: $? = 0
configure:2500: result: yes
configure:2517: checking for gcc option to accept ANSI C
configure:2587: gcc  -c -g -O2  conftest.c >&5
configure:2593: $? = 0
configure:2597: test -z 
			 || test ! -s conftest.err
configure:2600: $? = 0
configure:2603: test -s conftest.o
configure:2606: $? = 0
configure:2624: result: none needed
configure:2642: gcc -c -g -O2  conftest.c >&5
conftest.c:2:3: error: unknown type name 'choke'
    2 |   choke me
      |   ^~~~~
conftest.c:2:3: error: expected '=', ',', ';', 'asm' or '__attribute__' at end of input
configure:2648: $? = 1
configure: failed program was:
| #ifndef __cplusplus
|   choke me
| #endif
configure:2792: checking for style of include used by make
configure:2820: result: GNU
configure:2848: checking dependency style of gcc
configure:2938: result: gcc3
configure:3007: checking for g++
configure:3023: found /usr/bin/g++
configure:3033: result: g++
configure:3049: checking for C++ compiler version
configure:3052: g++ --version </dev/null >&5
g++ (Ubuntu 11.2.0-19ubuntu1) 11.2.0
Copyright (C) 2021 Free Software Foundation, Inc.
This is free software; see the source for copying conditions.  There is NO
warranty; not even for MERCHANTABILITY or FITNESS FOR A PARTICULAR PURPOSE.

configure:3055: $? = 0
configure:3057: g++ -v </dev/null >&5
Using built-in specs.
COLLECT_GCC=g++
COLLECT_LTO_WRAPPER=/usr/lib/gcc/aarch64-linux-gnu/11/lto-wrapper
Target: aarch64-linux-gnu
Configured with: ../src/configure -v --with-pkgversion='Ubuntu 11.2.0-19ubuntu1' --with-bugurl=file:///usr/share/doc/gcc-11/README.Bugs --enable-languages=c,ada,c++,go,d,fortran,objc,obj-c++,m2 --prefix=/usr --with-gcc-major-version-only --program-suffix=-11 --program-prefix=aarch64-linux-gnu- --enable-shared --enable-linker-build-id --libexecdir=/usr/lib --without-included-gettext --enable-threads=posix --libdir=/usr/lib --enable-nls --enable-bootstrap --enable-clocale=gnu --enable-libstdcxx-debug --enable-libstdcxx-time=yes --with-default-libstdcxx-abi=new --enable-gnu-unique-object --disable-libquadmath --disable-libquadmath-support --enable-plugin --enable-default-pie --with-system-zlib --enable-libphobos-checking=release --with-target-system-zlib=auto --enable-objc-gc=auto --enable-multiarch --enable-fix-cortex-a53-843419 --disable-werror --enable-checking=release --build=aarch64-linux-gnu --host=aarch64-linux-gnu --target=aarch64-linux-gnu --with-build-config=bootstrap-lto-lean --enable-link-serialization=2
Thread model: posix
Supported LTO compression algorithms: zlib zstd
gcc version 11.2.0 (Ubuntu 11.2.0-19ubuntu1) 
configure:3060: $? = 0
configure:3062: g++ -V </dev/null >&5
g++: error: unrecognized command-line option '-V'
g++: fatal error: no input files
compilation terminated.
configure:3065: $? = 1
configure:3068: checking whether we are using the GNU C++ compiler
configure:3092: g++ -c   conftest.cc >&5
configure:3098: $? = 0
configure:3102: test -z 
			 || test ! -s conftest.err
configure:3105: $? = 0
configure:3108: test -s conftest.o
configure:3111: $? = 0
configure:3124: result: yes
configure:3130: checking whether g++ accepts -g
configure:3151: g++ -c -g  conftest.cc >&5
configure:3157: $? = 0
configure:3161: test -z 
			 || test ! -s conftest.err
configure:3164: $? = 0
configure:3167: test -s conftest.o
configure:3170: $? = 0
configure:3181: result: yes
configure:3223: g++ -c -g -O2  conftest.cc >&5
configure:3229: $? = 0
configure:3233: test -z 
			 || test ! -s conftest.err
configure:3236: $? = 0
configure:3239: test -s conftest.o
configure:3242: $? = 0
configure:3268: g++ -c -g -O2  conftest.cc >&5
conftest.cc: In function 'int main()':
conftest.cc:15:1: error: 'exit' was not declared in this scope
   15 | exit (42);
      | ^~~~
configure:3274: $? = 1
configure: failed program was:
| /* confdefs.h.  */
| 
| #define PACKAGE_NAME ""
| #define PACKAGE_TARNAME ""
| #define PACKAGE_VERSION ""
| #define PACKAGE_STRING ""
| #define PACKAGE_BUGREPORT ""
| #define PACKAGE "beebem"
| #define VERSION "0.0.13"
| /* end confdefs.h.  */
| 
| int
| main ()
| {
| exit (42);
|   ;
|   return 0;
| }
configure:3223: g++ -c -g -O2  conftest.cc >&5
conftest.cc:11:17: warning: 'void std::exit(int)' has not been declared within 'std'
   11 | extern "C" void std::exit (int) throw (); using std::exit;
      |                 ^~~
<built-in>: note: only here as a 'friend'
configure:3229: $? = 0
configure:3233: test -z 
			 || test ! -s conftest.err
configure:3236: $? = 0
configure:3239: test -s conftest.o
configure:3242: $? = 0
configure:3268: g++ -c -g -O2  conftest.cc >&5
conftest.cc:11:17: warning: 'void std::exit(int)' has not been declared within 'std'
   11 | extern "C" void std::exit (int) throw (); using std::exit;
      |                 ^~~
<built-in>: note: only here as a 'friend'
configure:3274: $? = 0
configure:3278: test -z 
			 || test ! -s conftest.err
configure:3281: $? = 0
configure:3284: test -s conftest.o
configure:3287: $? = 0
configure:3312: checking dependency style of g++
configure:3402: result: gcc3
configure:3460: checking for ranlib
configure:3476: found /usr/bin/ranlib
configure:3487: result: ranlib
configure:3513: checking for a BSD-compatible install
configure:3568: result: /usr/bin/install -c
configure:3608: checking for pkg-config
configure:3626: found /usr/bin/pkg-config
configure:3639: result: /usr/bin/pkg-config
configure:3660: checking for GTK+ - version >= 2.2.0
configure:3775: gcc -o conftest -g -O2 -pthread -I/usr/include/gtk-2.0 -I/usr/lib/aarch64-linux-gnu/gtk-2.0/include -I/usr/include/pango-1.0 -I/usr/include/atk-1.0 -I/usr/include/gdk-pixbuf-2.0 -I/usr/include/aarch64-linux-gnu -I/usr/include/pango-1.0 -I/usr/include/harfbuzz -I/usr/include/pango-1.0 -I/usr/include/libmount -I/usr/include/blkid -I/usr/include/fribidi -I/usr/include/cairo -I/usr/include/pixman-1 -I/usr/include/harfbuzz -I/usr/include/glib-2.0 -I/usr/lib/aarch64-linux-gnu/glib-2.0/include -I/usr/include/uuid -I/usr/include/freetype2 -I/usr/include/libpng16   conftest.c -lgtk-x11-2.0 -lgdk-x11-2.0 -lpangocairo-1.0 -latk-1.0 -lcairo -lgdk_pixbuf-2.0 -lgio-2.0 -lpangoft2-1.0 -lpango-1.0 -lgobject-2.0 -lglib-2.0 -lharfbuzz -lfontconfig -lfreetype  >&5
In file included from /usr/include/gtk-2.0/gtk/gtkobject.h:37,
                 from /usr/include/gtk-2.0/gtk/gtkwidget.h:36,
                 from /usr/include/gtk-2.0/gtk/gtkcontainer.h:35,
                 from /usr/include/gtk-2.0/gtk/gtkbin.h:35,
                 from /usr/include/gtk-2.0/gtk/gtkwindow.h:36,
                 from /usr/include/gtk-2.0/gtk/gtkdialog.h:35,
                 from /usr/include/gtk-2.0/gtk/gtkaboutdialog.h:32,
                 from /usr/include/gtk-2.0/gtk/gtk.h:33,
                 from conftest.c:15:
/usr/include/gtk-2.0/gtk/gtktypeutils.h:236:1: warning: 'GTypeDebugFlags' is deprecated [-Wdeprecated-declarations]
  236 | void            gtk_type_init   (GTypeDebugFlags    debug_flags);
      | ^~~~
In file included from /usr/include/glib-2.0/gobject/gobject.h:24,
                 from /usr/include/glib-2.0/gobject/gbinding.h:29,
                 from /usr/include/glib-2.0/glib-object.h:22,
                 from /usr/include/glib-2.0/gio/gioenums.h:28,
                 from /usr/include/glib-2.0/gio/giotypes.h:28,
                 from /usr/include/glib-2.0/gio/gio.h:26,
                 from /usr/include/gtk-2.0/gdk/gdkapplaunchcontext.h:30,
                 from /usr/include/gtk-2.0/gdk/gdk.h:32,
                 from /usr/include/gtk-2.0/gtk/gtk.h:32,
                 from conftest.c:15:
/usr/include/glib-2.0/gobject/gtype.h:698:1: note: declared here
  698 | {
      | ^
In file included from /usr/include/gtk-2.0/gtk/gtktoolitem.h:31,
                 from /usr/include/gtk-2.0/gtk/gtktoolbutton.h:30,
                 from /usr/include/gtk-2.0/gtk/gtkmenutoolbutton.h:30,
                 from /usr/include/gtk-2.0/gtk/gtk.h:126,
                 from conftest.c:15:
/usr/include/gtk-2.0/gtk/gtktooltips.h:73:3: warning: 'GTimeVal' is deprecated: Use 'GDateTime' instead [-Wdeprecated-declarations]
   73 |   GTimeVal last_popdown;
      |   ^~~~~~~~
In file included from /usr/include/glib-2.0/glib/galloca.h:32,
                 from /usr/include/glib-2.0/glib.h:30,
                 from /usr/include/glib-2.0/gobject/gbinding.h:28,
                 from /usr/include/glib-2.0/glib-object.h:22,
                 from /usr/include/glib-2.0/gio/gioenums.h:28,
                 from /usr/include/glib-2.0/gio/giotypes.h:28,
                 from /usr/include/glib-2.0/gio/gio.h:26,
                 from /usr/include/gtk-2.0/gdk/gdkapplaunchcontext.h:30,
                 from /usr/include/gtk-2.0/gdk/gdk.h:32,
                 from /usr/include/gtk-2.0/gtk/gtk.h:32,
                 from conftest.c:15:
/usr/include/glib-2.0/glib/gtypes.h:553:8: note: declared here
  553 | struct _GTimeVal
      |        ^~~~~~~~~
conftest.c: In function 'main':
conftest.c:25:3: warning: ignoring return value of 'system' declared with attribute 'warn_unused_result' [-Wunused-result]
   25 |   system ("touch conf.gtktest");
      |   ^~~~~~~~~~~~~~~~~~~~~~~~~~~~~
configure:3778: $? = 0
configure:3780: ./conftest
configure:3783: $? = 0
configure:3801: result: yes (version 2.24.33)
configure:3936: checking for sdl-config
configure:3954: found /usr/local/bin/sdl-config
configure:3967: result: /usr/local/bin/sdl-config
configure:3975: checking for SDL - version >= 1.2.0
configure:4067: gcc -o conftest -g -O2 -I/usr/local/include/SDL -D_GNU_SOURCE=1 -D_REENTRANT   conftest.c  -L/usr/local/lib -lSDL >&5
configure:4070: $? = 0
configure:4072: ./conftest
configure:4075: $? = 0
configure:4093: result: yes
configure:4207: checking how to run the C preprocessor
configure:4242: gcc -E  conftest.c
configure:4248: $? = 0
configure:4280: gcc -E  conftest.c
conftest.c:14:10: fatal error: ac_nonexistent.h: No such file or directory
   14 | #include <ac_nonexistent.h>
      |          ^~~~~~~~~~~~~~~~~~
compilation terminated.
configure:4286: $? = 1
configure: failed program was:
| /* confdefs.h.  */
| 
| #define PACKAGE_NAME ""
| #define PACKAGE_TARNAME ""
| #define PACKAGE_VERSION ""
| #define PACKAGE_STRING ""
| #define PACKAGE_BUGREPORT ""
| #define PACKAGE "beebem"
| #define VERSION "0.0.13"
| #ifdef __cplusplus
| extern "C" void std::exit (int) throw (); using std::exit;
| #endif
| /* end confdefs.h.  */
| #include <ac_nonexistent.h>
configure:4325: result: gcc -E
configure:4349: gcc -E  conftest.c
configure:4355: $? = 0
configure:4387: gcc -E  conftest.c
conftest.c:14:10: fatal error: ac_nonexistent.h: No such file or directory
   14 | #include <ac_nonexistent.h>
      |          ^~~~~~~~~~~~~~~~~~
compilation terminated.
configure:4393: $? = 1
configure: failed program was:
| /* confdefs.h.  */
| 
| #define PACKAGE_NAME ""
| #define PACKAGE_TARNAME ""
| #define PACKAGE_VERSION ""
| #define PACKAGE_STRING ""
| #define PACKAGE_BUGREPORT ""
| #define PACKAGE "beebem"
| #define VERSION "0.0.13"
| #ifdef __cplusplus
| extern "C" void std::exit (int) throw (); using std::exit;
| #endif
| /* end confdefs.h.  */
| #include <ac_nonexistent.h>
configure:4437: checking for egrep
configure:4447: result: grep -E
configure:4452: checking for ANSI C header files
configure:4477: gcc -c -g -O2 -I/usr/local/include/SDL -D_GNU_SOURCE=1 -D_REENTRANT  conftest.c >&5
configure:4483: $? = 0
configure:4487: test -z 
			 || test ! -s conftest.err
configure:4490: $? = 0
configure:4493: test -s conftest.o
configure:4496: $? = 0
configure:4585: gcc -o conftest -g -O2 -I/usr/local/include/SDL -D_GNU_SOURCE=1 -D_REENTRANT   conftest.c  -L/usr/local/lib -lSDL >&5
conftest.c: In function 'main':
conftest.c:31:7: warning: implicit declaration of function 'exit' [-Wimplicit-function-declaration]
   31 |       exit(2);
      |       ^~~~
conftest.c:15:1: note: include '<stdlib.h>' or provide a declaration of 'exit'
   14 | #include <ctype.h>
  +++ |+#include <stdlib.h>
   15 | #if ((' ' & 0x0FF) == 0x020)
conftest.c:31:7: warning: incompatible implicit declaration of built-in function 'exit' [-Wbuiltin-declaration-mismatch]
   31 |       exit(2);
      |       ^~~~
conftest.c:31:7: note: include '<stdlib.h>' or provide a declaration of 'exit'
conftest.c:32:3: warning: incompatible implicit declaration of built-in function 'exit' [-Wbuiltin-declaration-mismatch]
   32 |   exit (0);
      |   ^~~~
conftest.c:32:3: note: include '<stdlib.h>' or provide a declaration of 'exit'
configure:4588: $? = 0
configure:4590: ./conftest
configure:4593: $? = 0
configure:4608: result: yes
configure:4632: checking for sys/types.h
configure:4648: gcc -c -g -O2 -I/usr/local/include/SDL -D_GNU_SOURCE=1 -D_REENTRANT  conftest.c >&5
configure:4654: $? = 0
configure:4658: test -z 
			 || test ! -s conftest.err
configure:4661: $? = 0
configure:4664: test -s conftest.o
configure:4667: $? = 0
configure:4678: result: yes
configure:4632: checking for sys/stat.h
configure:4648: gcc -c -g -O2 -I/usr/local/include/SDL -D_GNU_SOURCE=1 -D_REENTRANT  conftest.c >&5
configure:4654: $? = 0
configure:4658: test -z 
			 || test ! -s conftest.err
configure:4661: $? = 0
configure:4664: test -s conftest.o
configure:4667: $? = 0
configure:4678: result: yes
configure:4632: checking for stdlib.h
configure:4648: gcc -c -g -O2 -I/usr/local/include/SDL -D_GNU_SOURCE=1 -D_REENTRANT  conftest.c >&5
configure:4654: $? = 0
configure:4658: test -z 
			 || test ! -s conftest.err
configure:4661: $? = 0
configure:4664: test -s conftest.o
configure:4667: $? = 0
configure:4678: result: yes
configure:4632: checking for string.h
configure:4648: gcc -c -g -O2 -I/usr/local/include/SDL -D_GNU_SOURCE=1 -D_REENTRANT  conftest.c >&5
configure:4654: $? = 0
configure:4658: test -z 
			 || test ! -s conftest.err
configure:4661: $? = 0
configure:4664: test -s conftest.o
configure:4667: $? = 0
configure:4678: result: yes
configure:4632: checking for memory.h
configure:4648: gcc -c -g -O2 -I/usr/local/include/SDL -D_GNU_SOURCE=1 -D_REENTRANT  conftest.c >&5
configure:4654: $? = 0
configure:4658: test -z 
			 || test ! -s conftest.err
configure:4661: $? = 0
configure:4664: test -s conftest.o
configure:4667: $? = 0
configure:4678: result: yes
configure:4632: checking for strings.h
configure:4648: gcc -c -g -O2 -I/usr/local/include/SDL -D_GNU_SOURCE=1 -D_REENTRANT  conftest.c >&5
configure:4654: $? = 0
configure:4658: test -z 
			 || test ! -s conftest.err
configure:4661: $? = 0
configure:4664: test -s conftest.o
configure:4667: $? = 0
configure:4678: result: yes
configure:4632: checking for inttypes.h
configure:4648: gcc -c -g -O2 -I/usr/local/include/SDL -D_GNU_SOURCE=1 -D_REENTRANT  conftest.c >&5
configure:4654: $? = 0
configure:4658: test -z 
			 || test ! -s conftest.err
configure:4661: $? = 0
configure:4664: test -s conftest.o
configure:4667: $? = 0
configure:4678: result: yes
configure:4632: checking for stdint.h
configure:4648: gcc -c -g -O2 -I/usr/local/include/SDL -D_GNU_SOURCE=1 -D_REENTRANT  conftest.c >&5
configure:4654: $? = 0
configure:4658: test -z 
			 || test ! -s conftest.err
configure:4661: $? = 0
configure:4664: test -s conftest.o
configure:4667: $? = 0
configure:4678: result: yes
configure:4632: checking for unistd.h
configure:4648: gcc -c -g -O2 -I/usr/local/include/SDL -D_GNU_SOURCE=1 -D_REENTRANT  conftest.c >&5
configure:4654: $? = 0
configure:4658: test -z 
			 || test ! -s conftest.err
configure:4661: $? = 0
configure:4664: test -s conftest.o
configure:4667: $? = 0
configure:4678: result: yes
configure:4704: checking zlib.h usability
configure:4716: gcc -c -g -O2 -I/usr/local/include/SDL -D_GNU_SOURCE=1 -D_REENTRANT  conftest.c >&5
configure:4722: $? = 0
configure:4726: test -z 
			 || test ! -s conftest.err
configure:4729: $? = 0
configure:4732: test -s conftest.o
configure:4735: $? = 0
configure:4745: result: yes
configure:4749: checking zlib.h presence
configure:4759: gcc -E  conftest.c
configure:4765: $? = 0
configure:4785: result: yes
configure:4820: checking for zlib.h
configure:4827: result: yes
configure:4841: checking for zlibVersion in -lz
configure:4871: gcc -o conftest -g -O2 -I/usr/local/include/SDL -D_GNU_SOURCE=1 -D_REENTRANT   conftest.c -lz   -L/usr/local/lib -lSDL >&5
configure:4877: $? = 0
configure:4881: test -z 
			 || test ! -s conftest.err
configure:4884: $? = 0
configure:4887: test -s conftest
configure:4890: $? = 0
configure:4903: result: yes
configure:5274: creating ./config.status

## ---------------------- ##
## Running config.status. ##
## ---------------------- ##

This file was extended by config.status, which was
generated by GNU Autoconf 2.59.  Invocation command line was

  CONFIG_FILES    = 
  CONFIG_HEADERS  = 
  CONFIG_LINKS    = 
  CONFIG_COMMANDS = 
  $ ./config.status 

on 566be3969df3

config.status:720: creating Makefile
config.status:720: creating doc/Makefile
config.status:720: creating m4/Makefile
config.status:720: creating src/Makefile
config.status:720: creating src/gui/Makefile
config.status:720: creating data/Makefile
config.status:824: creating config.h
config.status:950: config.h is unchanged
config.status:1130: executing depfiles commands

## ---------------- ##
## Cache variables. ##
## ---------------- ##

ac_cv_build=aarch64-unknown-linux-gnu
ac_cv_build_alias=aarch64-unknown-linux-gnu
ac_cv_c_compiler_gnu=yes
ac_cv_cxx_compiler_gnu=yes
ac_cv_env_CC_set=
ac_cv_env_CC_value=
ac_cv_env_CFLAGS_set=
ac_cv_env_CFLAGS_value=
ac_cv_env_CPPFLAGS_set=
ac_cv_env_CPPFLAGS_value=
ac_cv_env_CPP_set=
ac_cv_env_CPP_value=
ac_cv_env_CXXFLAGS_set=
ac_cv_env_CXXFLAGS_value=
ac_cv_env_CXX_set=
ac_cv_env_CXX_value=
ac_cv_env_LDFLAGS_set=
ac_cv_env_LDFLAGS_value=
ac_cv_env_build_alias_set=set
ac_cv_env_build_alias_value=aarch64-unknown-linux-gnu
ac_cv_env_host_alias_set=
ac_cv_env_host_alias_value=
ac_cv_env_target_alias_set=
ac_cv_env_target_alias_value=
ac_cv_exeext=
ac_cv_header_inttypes_h=yes
ac_cv_header_memory_h=yes
ac_cv_header_stdc=yes
ac_cv_header_stdint_h=yes
ac_cv_header_stdlib_h=yes
ac_cv_header_string_h=yes
ac_cv_header_strings_h=yes
ac_cv_header_sys_stat_h=yes
ac_cv_header_sys_types_h=yes
ac_cv_header_unistd_h=yes
ac_cv_header_zlib_h=yes
ac_cv_host=aarch64-unknown-linux-gnu
ac_cv_host_alias=aarch64-unknown-linux-gnu
ac_cv_lib_z_zlibVersion=yes
ac_cv_objext=o
ac_cv_path_PKG_CONFIG=/usr/bin/pkg-config
ac_cv_path_SDL_CONFIG=/usr/local/bin/sdl-config
ac_cv_path_install='/usr/bin/install -c'
ac_cv_prog_AWK=mawk
ac_cv_prog_CPP='gcc -E'
ac_cv_prog_ac_ct_CC=gcc
ac_cv_prog_ac_ct_CXX=g++
ac_cv_prog_ac_ct_RANLIB=ranlib
ac_cv_prog_cc_g=yes
ac_cv_prog_cc_stdc=
ac_cv_prog_cxx_g=yes
ac_cv_prog_egrep='grep -E'
ac_cv_prog_make_make_set=yes
ac_cv_target=aarch64-unknown-linux-gnu
ac_cv_target_alias=aarch64-unknown-linux-gnu
am_cv_CC_dependencies_compiler_type=gcc3
am_cv_CXX_dependencies_compiler_type=gcc3

## ----------------- ##
## Output variables. ##
## ----------------- ##

ACLOCAL='${SHELL} /work/beebem-0.0.13/missing --run aclocal-1.9'
AMDEPBACKSLASH='\'
AMDEP_FALSE='#'
AMDEP_TRUE=''
AMTAR='${SHELL} /work/beebem-0.0.13/missing --run tar'
AUTOCONF='${SHELL} /work/beebem-0.0.13/missing --run autoconf'
AUTOHEADER='${SHELL} /work/beebem-0.0.13/missing --run autoheader'
AUTOMAKE='${SHELL} /work/beebem-0.0.13/missing --run automake-1.9'
AWK='mawk'
CC='gcc'
CCDEPMODE='depmode=gcc3'
CFLAGS='-g -O2 -I/usr/local/include/SDL -D_GNU_SOURCE=1 -D_REENTRANT'
CPP='gcc -E'
CPPFLAGS=''
CXX='g++'
CXXDEPMODE='depmode=gcc3'
CXXFLAGS='-g -O2 -I/usr/local/include/SDL -D_GNU_SOURCE=1 -D_REENTRANT -I/usr/local/include/SDL -D_GNU_SOURCE=1 -D_REENTRANT'
CYGPATH_W='echo'
DEFS='-DHAVE_CONFIG_H'
DEPDIR='.deps'
ECHO_C=''
ECHO_N='-n'
ECHO_T=''
EGREP='grep -E'
EXEEXT=''
GTK_CFLAGS='-pthread -I/usr/include/gtk-2.0 -I/usr/lib/aarch64-linux-gnu/gtk-2.0/include -I/usr/include/pango-1.0 -I/usr/include/atk-1.0 -I/usr/include/gdk-pixbuf-2.0 -I/usr/include/aarch64-linux-gnu -I/usr/include/pango-1.0 -I/usr/include/harfbuzz -I/usr/include/pango-1.0 -I/usr/include/libmount -I/usr/include/blkid -I/usr/include/fribidi -I/usr/include/cairo -I/usr/include/pixman-1 -I/usr/include/harfbuzz -I/usr/include/glib-2.0 -I/usr/lib/aarch64-linux-gnu/glib-2.0/include -I/usr/include/uuid -I/usr/include/freetype2 -I/usr/include/libpng16'
GTK_LIBS='-lgtk-x11-2.0 -lgdk-x11-2.0 -lpangocairo-1.0 -latk-1.0 -lcairo -lgdk_pixbuf-2.0 -lgio-2.0 -lpangoft2-1.0 -lpango-1.0 -lgobject-2.0 -lglib-2.0 -lharfbuzz -lfontconfig -lfreetype'
INSTALL_DATA='${INSTALL} -m 644'
INSTALL_PROGRAM='${INSTALL}'
INSTALL_SCRIPT='${INSTALL}'
INSTALL_STRIP_PROGRAM='${SHELL} $(install_sh) -c -s'
LDFLAGS=''
LIBOBJS=''
LIBS='-lz  -L/usr/local/lib -lSDL'
LTLIBOBJS=''
MAKEINFO='${SHELL} /work/beebem-0.0.13/missing --run makeinfo'
OBJEXT='o'
PACKAGE='beebem'
PACKAGE_BUGREPORT=''
PACKAGE_NAME=''
PACKAGE_STRING=''
PACKAGE_TARNAME=''
PACKAGE_VERSION=''
PATH_SEPARATOR=':'
PKG_CONFIG='/usr/bin/pkg-config'
RANLIB='ranlib'
SDL_CFLAGS='-I/usr/local/include/SDL -D_GNU_SOURCE=1 -D_REENTRANT'
SDL_CONFIG='/usr/local/bin/sdl-config'
SDL_LIBS='-L/usr/local/lib -lSDL'
SET_MAKE=''
SHELL='/bin/bash'
STRIP=''
VERSION='0.0.13'
ac_ct_CC='gcc'
ac_ct_CXX='g++'
ac_ct_RANLIB='ranlib'
ac_ct_STRIP=''
am__fastdepCC_FALSE='#'
am__fastdepCC_TRUE=''
am__fastdepCXX_FALSE='#'
am__fastdepCXX_TRUE=''
am__include='include'
am__leading_dot='.'
am__quote=''
am__tar='${AMTAR} chof - "$$tardir"'
am__untar='${AMTAR} xf -'
bindir='${exec_prefix}/bin'
build='aarch64-unknown-linux-gnu'
build_alias='aarch64-unknown-linux-gnu'
build_cpu='aarch64'
build_os='linux-gnu'
build_vendor='unknown'
datadir='${prefix}/share'
exec_prefix='${prefix}'
host='aarch64-unknown-linux-gnu'
host_alias=''
host_cpu='aarch64'
host_os='linux-gnu'
host_vendor='unknown'
includedir='${prefix}/include'
infodir='${prefix}/info'
install_sh='/work/beebem-0.0.13/install-sh'
libdir='${exec_prefix}/lib'
libexecdir='${exec_prefix}/libexec'
localstatedir='${prefix}/var'
mandir='${prefix}/man'
mkdir_p='mkdir -p --'
oldincludedir='/usr/include'
prefix='/opt/beebem'
program_transform_name='s,x,x,'
sbindir='${exec_prefix}/sbin'
sharedstatedir='${prefix}/com'
sysconfdir='${prefix}/etc'
target='aarch64-unknown-linux-gnu'
target_alias=''
target_cpu='aarch64'
target_os='linux-gnu'
target_vendor='unknown'

## ----------- ##
## confdefs.h. ##
## ----------- ##

#define HAVE_INTTYPES_H 1
#define HAVE_LIBZ 1
#define HAVE_MEMORY_H 1
#define HAVE_STDINT_H 1
#define HAVE_STDLIB_H 1
#define HAVE_STRINGS_H 1
#define HAVE_STRING_H 1
#define HAVE_SYS_STAT_H 1
#define HAVE_SYS_TYPES_H 1
#define HAVE_UNISTD_H 1
#define HAVE_ZLIB_H 1
#define PACKAGE "beebem"
#define PACKAGE_BUGREPORT ""
#define PACKAGE_NAME ""
#define PACKAGE_STRING ""
#define PACKAGE_TARNAME ""
#define PACKAGE_VERSION ""
#define REG_FILENAME "beebem.registry"
#define STDC_HEADERS 1
#define VERSION "0.0.13"
#define WITHOUT_LEVEL_INDICATOR 1
#define WITHOUT_SHENANIGANS 1
#define WITH_ECONET 1
#define WITH_FORCED_CM 1
#define WITH_FS_FPS 1
#define WITH_SYSTEM_CP 1
#define WITH_UNIX_EXTRAS 1
#endif
#ifdef __cplusplus
extern "C" void std::exit (int) throw (); using std::exit;

configure: exit 0
